<?xml version="1.0" encoding="UTF-8"?>
<!-- Generated by org.testng.reporters.JUnitReportReporter -->
<testsuite skipped="0" hostname="LAPTOP-PIMJNR2T" name="com.practice.selenium1.SeleniumDemo2.GmailLogin" tests="1" failures="0" timestamp="17 Jan 2020 15:40:12 GMT" time="30.568" errors="0">
  <testcase name="gmailLogin" time="30.568" classname="com.practice.selenium1.SeleniumDemo2.GmailLogin"/>
</testsuite> <!-- com.practice.selenium1.SeleniumDemo2.GmailLogin -->
